<?xml version="1.0" encoding="UTF-8"?>
<testsuite xmlns:xsi="http://www.w3.org/2001/XMLSchema-instance" xsi:noNamespaceSchemaLocation="https://maven.apache.org/surefire/maven-surefire-plugin/xsd/surefire-test-report-3.0.xsd" version="3.0" name="com.example.AppTest" time="0.017" tests="1" errors="0" skipped="0" failures="0">
  <properties>
    <property name="java.specification.version" value="17"/>
    <property name="sun.cpu.isalist" value="amd64"/>
    <property name="sun.jnu.encoding" value="Cp1252"/>
    <property name="java.class.path" value="C:\Users\dhrit\OneDrive\Desktop\devopsext\2\myapp\target\test-classes;C:\Users\dhrit\OneDrive\Desktop\devopsext\2\myapp\target\classes;C:\Users\dhrit\.m2\repository\junit\junit\3.8.1\junit-3.8.1.jar;"/>
    <property name="java.vm.vendor" value="Microsoft"/>
    <property name="sun.arch.data.model" value="64"/>
    <property name="user.variant" value=""/>
    <property name="java.vendor.url" value="https://www.microsoft.com"/>
    <property name="user.timezone" value="Asia/Calcutta"/>
    <property name="os.name" value="Windows 11"/>
    <property name="java.vm.specification.version" value="17"/>
    <property name="sun.java.launcher" value="SUN_STANDARD"/>
    <property name="user.country" value="IN"/>
    <property name="sun.boot.library.path" value="C:\Program Files\Microsoft\jdk-17.0.13.11-hotspot\bin"/>
    <property name="sun.java.command" value="C:\Users\dhrit\AppData\Local\Temp\surefire1881692726735199288\surefirebooter-20250611024015170_3.jar C:\Users\dhrit\AppData\Local\Temp\surefire1881692726735199288 2025-06-11T02-40-14_852-jvmRun1 surefire-20250611024015170_1tmp surefire_0-20250611024015170_2tmp"/>
    <property name="jdk.debug" value="release"/>
    <property name="surefire.test.class.path" value="C:\Users\dhrit\OneDrive\Desktop\devopsext\2\myapp\target\test-classes;C:\Users\dhrit\OneDrive\Desktop\devopsext\2\myapp\target\classes;C:\Users\dhrit\.m2\repository\junit\junit\3.8.1\junit-3.8.1.jar;"/>
    <property name="sun.cpu.endian" value="little"/>
    <property name="user.home" value="C:\Users\dhrit"/>
    <property name="user.language" value="en"/>
    <property name="java.specification.vendor" value="Oracle Corporation"/>
    <property name="java.version.date" value="2024-10-15"/>
    <property name="java.home" value="C:\Program Files\Microsoft\jdk-17.0.13.11-hotspot"/>
    <property name="file.separator" value="\"/>
    <property name="basedir" value="C:\Users\dhrit\OneDrive\Desktop\devopsext\2\myapp"/>
    <property name="java.vm.compressedOopsMode" value="32-bit"/>
    <property name="line.separator" value="&#10;"/>
    <property name="java.vm.specification.vendor" value="Oracle Corporation"/>
    <property name="java.specification.name" value="Java Platform API Specification"/>
    <property name="surefire.real.class.path" value="C:\Users\dhrit\AppData\Local\Temp\surefire1881692726735199288\surefirebooter-20250611024015170_3.jar"/>
    <property name="user.script" value=""/>
    <property name="sun.management.compiler" value="HotSpot 64-Bit Tiered Compilers"/>
    <property name="java.runtime.version" value="17.0.13+11-LTS"/>
    <property name="user.name" value="dhrit"/>
    <property name="path.separator" value=";"/>
    <property name="os.version" value="10.0"/>
    <property name="java.runtime.name" value="OpenJDK Runtime Environment"/>
    <property name="file.encoding" value="Cp1252"/>
    <property name="java.vm.name" value="OpenJDK 64-Bit Server VM"/>
    <property name="java.vendor.version" value="Microsoft-10376486"/>
    <property name="localRepository" value="C:\Users\dhrit\.m2\repository"/>
    <property name="java.vendor.url.bug" value="https://github.com/microsoft/openjdk/issues"/>
    <property name="java.io.tmpdir" value="C:\Users\dhrit\AppData\Local\Temp\"/>
    <property name="java.version" value="17.0.13"/>
    <property name="user.dir" value="C:\Users\dhrit\OneDrive\Desktop\devopsext\2\myapp"/>
    <property name="os.arch" value="amd64"/>
    <property name="java.vm.specification.name" value="Java Virtual Machine Specification"/>
    <property name="sun.os.patch.level" value=""/>
    <property name="native.encoding" value="Cp1252"/>
    <property name="java.library.path" value="C:\Program Files\Microsoft\jdk-17.0.13.11-hotspot\bin;C:\Windows\Sun\Java\bin;C:\Windows\system32;C:\Windows;C:\Users\dhrit\AppData\Local\Pub\Cache\bin;C:\Program Files\Microsoft SDKs\Azure\CLI2\wbin;C:\Program Files\Microsoft\jdk-17.0.13.11-hotspot\bin;C:\app\dhrit\product\21c\dbhomeXE\bin;C:\Program Files\Common Files\Oracle\Java\javapath;C:\Windows\system32;C:\Windows;C:\Windows\System32\Wbem;C:\Windows\System32\WindowsPowerShell\v1.0\;C:\Windows\System32\OpenSSH\;C:\Program Files\dotnet\;C:\MinGW\bin;C:\CodeBlocks Dhrithi\bin;C:\Program Files\Git\cmd;C:\msys64\ucrt64\bin;C:\Program Files\Java\jdk-21\bin;C:\ProgramData\chocolatey\bin;C:\Program Files\nodejs\;C:\Users\dhrit\AppData\Local\Android\Sdk\cmdline-tools\latest\bin;C:\Program Files\Microsoft SDKs\Azure\CLI2\wbin;C:\flutter\bin\;C:\Users\dhrit\Downloads\apache-maven-3.9.9\apache-maven-3.9.9\;C:\Users\dhrit\OneDrive\Desktop\gradle-8.14\bin;C:\Program Files\MongoDB\Server\8.0\bin;C:\flutter\bin\;C:\Users\dhrit\AppData\Local\Pub\Cache\bin;C:\Program Files\Microsoft SDKs\Azure\CLI2\wbin;C:\Program Files\Microsoft\jdk-17.0.13.11-hotspot\bin;C:\app\dhrit\product\21c\dbhomeXE\bin;C:\Program Files\Common Files\Oracle\Java\javapath;C:\Windows\system32;C:\Windows;C:\Windows\System32\Wbem;C:\Windows\System32\WindowsPowerShell\v1.0\;C:\Windows\System32\OpenSSH\;C:\Program Files\dotnet\;C:\MinGW\bin;C:\CodeBlocks Dhrithi\bin;C:\Program Files\Git\cmd;C:\msys64\ucrt64\bin;C:\Program Files\Java\jdk-21\bin;C:\ProgramData\chocolatey\bin;C:\Program Files\nodejs\;C:\Users\dhrit\AppData\Local\Android\Sdk\cmdline-tools\latest\bin;C:\Program Files\Microsoft SDKs\Azure\CLI2\wbin;C:\BC5\BIN;C:\Users\dhrit\AppData\Local\Microsoft\WindowsApps;C:\Users\dhrit\AppData\Local\JetBrains\IntelliJ IDEA Community Edition 2023.1.3\bin;C:\Users\dhrit\AppData\Local\Programs\Microsoft VS Code\bin;C:\MinGW\bin;C:\msys64\ucrt64\bin;C:\Program Files\nodejs;C:\Program Files\Java\jdk-21\bin;C:\Users\dhrit\AppData\Roaming\npm;C:\Users\dhrit\AppData\Local\Android\Sdk\platform-tools;C:\;C:\Users\dhrit\Downloads\apache-maven-3.9.9\apache-maven-3.9.9\bin;C:\Users\dhrit\Downloads\gradle-8.14-bin\gradle-8.14\bin;C:\Program Files\MongoDB\Server\8.0\bin;;."/>
    <property name="java.vm.info" value="mixed mode, sharing"/>
    <property name="java.vendor" value="Microsoft"/>
    <property name="java.vm.version" value="17.0.13+11-LTS"/>
    <property name="java.specification.maintenance.version" value="1"/>
    <property name="sun.io.unicode.encoding" value="UnicodeLittle"/>
    <property name="java.class.version" value="61.0"/>
  </properties>
  <testcase name="testApp" classname="com.example.AppTest" time="0.002"/>
</testsuite>